<?xml version="1.0" encoding="UTF-8"?>
<testng-results ignored="0" total="1" passed="1" failed="0" skipped="0">
  <reporter-output>
  </reporter-output>
  <suite started-at="2021-09-29T07:34:24Z" name="Default suite" finished-at="2021-09-29T07:34:57Z" duration-ms="33044">
    <groups>
    </groups>
    <test started-at="2021-09-29T07:34:24Z" name="Default test" finished-at="2021-09-29T07:34:57Z" duration-ms="33044">
      <class name="UdemyWebApp.SearchMethod">
        <test-method is-config="true" signature="setup()[pri:0, instance:UdemyWebApp.SearchMethod@27adc16e]" started-at="2021-09-29T07:34:24Z" name="setup" finished-at="2021-09-29T07:34:47Z" duration-ms="23337" status="PASS">
          <reporter-output>
          </reporter-output>
        </test-method> <!-- setup -->
        <test-method signature="searchtest()[pri:0, instance:UdemyWebApp.SearchMethod@27adc16e]" started-at="2021-09-29T07:34:47Z" name="searchtest" finished-at="2021-09-29T07:34:57Z" duration-ms="9399" status="PASS">
          <reporter-output>
          </reporter-output>
        </test-method> <!-- searchtest -->
        <test-method is-config="true" signature="CloseApp()[pri:0, instance:UdemyWebApp.SearchMethod@27adc16e]" started-at="2021-09-29T07:34:57Z" name="CloseApp" finished-at="2021-09-29T07:34:57Z" duration-ms="286" status="PASS">
          <reporter-output>
          </reporter-output>
        </test-method> <!-- CloseApp -->
      </class> <!-- UdemyWebApp.SearchMethod -->
    </test> <!-- Default test -->
  </suite> <!-- Default suite -->
</testng-results>
